<?xml version="1.0" encoding="UTF-8"?>
<!-- Generated by org.testng.reporters.JUnitReportReporter -->
<testsuite hostname="Rahuls-Air" failures="0" tests="1" name="oodo.OodoLogin" time="20.966" errors="0" timestamp="2023-08-25T17:41:52 EDT" skipped="0">
  <testcase classname="oodo.OodoLogin" name="logintest" time="20.966"/>
</testsuite> <!-- oodo.OodoLogin -->
