<?xml version="1.0" encoding="UTF-8"?>
<!-- Generated by org.testng.reporters.JUnitReportReporter -->
<testsuite hostname="Rahuls-Air.fios-router.home" failures="0" tests="1" name="dbConnection.DBConnection" time="0.172" errors="0" timestamp="2023-08-16T23:11:54 EDT" skipped="0">
  <testcase classname="dbConnection.DBConnection" name="dbconnections" time="0.172"/>
</testsuite> <!-- dbConnection.DBConnection -->
